Arguments: 
  C:\Program Files\nodejs\node.exe C:\Users\Bekita Naa\AppData\Roaming\npm\node_modules\yarn\bin\yarn.js install

PATH: 
  C:\Python311\Scripts\;C:\Python311\;C:\app\oracle\product\12.2.0\dbhome_2\bin;C:\app\oracle\product\12.2.0\dbhome_1\bin;C:\Program Files\Common Files\Oracle\Java\javapath;C:\WINDOWS\system32;C:\WINDOWS;C:\WINDOWS\System32\Wbem;C:\WINDOWS\System32\WindowsPowerShell\v1.0\;C:\WINDOWS\System32\OpenSSH\;C:\Program Files\Git\cmd;C:\Program Files\nodejs\;C:\ProgramData\chocolatey\bin;C:\Users\Bekita Naa\AppData\Local\Programs\Python\Python39\Scripts\;C:\Users\Bekita Naa\AppData\Local\Programs\Python\Python39\;C:\Users\Bekita Naa\AppData\Local\Microsoft\WindowsApps;C:\Users\Bekita Naa\Documents\Microsoft VS Code\bin;C:\Users\Bekita Naa\AppData\Local\GitHubDesktop\bin;C:\Program Files\JetBrains\PyCharm Community Edition 2022.3\bin;;C:\Users\Bekita Naa\AppData\Local\Programs\Microsoft VS Code\bin;C:\Users\Bekita Naa\AppData\Roaming\npm

Yarn version: 
  1.22.19

Node version: 
  18.16.0

Platform: 
  win32 x64

Trace: 
  Error: ENOSPC: no space left on device, copyfile 'C:\Users\Bekita Naa\AppData\Local\Yarn\Cache\v6\npm-@firebase-firestore-4.1.2-9082402c2776aad32b16e710f858e7f040f1d1fe-integrity\node_modules\@firebase\firestore\dist\index.rn.js.map' -> 'C:\Users\Bekita Naa\Desktop\Gofer\node_modules\@firebase\firestore\dist\index.rn.js.map'

npm manifest: 
  {
    "main": "node_modules/expo/AppEntry.js",
    "scripts": {
      "start": "expo start",
      "android": "expo start --android",
      "ios": "expo start --ios",
      "web": "expo start --web"
    },
    "dependencies": {
      "@expo/vector-icons": "^13.0.0",
      "@firebase/storage": "^0.11.2",
      "@react-native-community/datetimepicker": "7.2.0",
      "@react-native-community/geolocation": "^3.0.6",
      "@react-native-firebase/analytics": "^18.3.0",
      "@react-native-firebase/app": "^18.3.0",
      "@react-native-firebase/auth": "^18.3.0",
      "@react-native-firebase/config": "^0.1.5",
      "@react-native-firebase/database": "^18.3.0",
      "@react-native-firebase/firestore": "^18.3.0",
      "@react-native-firebase/messaging": "^18.3.0",
      "@react-native-firebase/storage": "^18.3.0",
      "@react-native-picker/picker": "2.4.10",
      "@react-navigation/bottom-tabs": "*",
      "@react-navigation/native": "6.1.7",
      "@react-navigation/native-stack": "*",
      "@react-navigation/stack": "*",
      "axios": "^1.4.0",
      "base-64": "^1.0.0",
      "cli": "^1.0.1",
      "expo": "^49.0.8",
      "expo-camera": "~13.4.2",
      "expo-constants": "~14.4.2",
      "expo-font": "~11.4.0",
      "expo-image-picker": "~14.3.2",
      "expo-location": "~16.1.0",
      "expo-notifications": "^0.20.1",
      "expo-permissions": "~14.2.1",
      "expo-status-bar": "~1.6.0",
      "firebase": "^10.1.0",
      "global": "^4.4.0",
      "react": "18.2.0",
      "react-dom": "18.2.0",
      "react-native": "0.72.4",
      "react-native-calendars": "^1.1300.0",
      "react-native-datepicker": "^1.7.2",
      "react-native-fbsdk": "^3.0.0",
      "react-native-geocoding": "^0.5.0",
      "react-native-geolocation-service": "^5.3.1",
      "react-native-gesture-handler": "~2.12.0",
      "react-native-get-location": "^4.0.0",
      "react-native-google-places-autocomplete": "^2.5.1",
      "react-native-iconify": "*",
      "react-native-maps": "1.7.1",
      "react-native-maps-directions": "^1.9.0",
      "react-native-modal-datetime-picker": "^17.1.0",
      "react-native-paper": "5.9.1",
      "react-native-safe-area-context": "4.6.3",
      "react-native-screens": "~3.22.0",
      "react-native-svg": "13.9.0",
      "react-native-web": "~0.19.6"
    },
    "devDependencies": {
      "@babel/core": "^7.20.0",
      "@babel/preset-env": "^7.22.10"
    },
    "private": true
  }

yarn manifest: 
  No manifest

Lockfile: 
  No lockfile
